0 info it worked if it ends with ok
1 verbose cli [ 'C:\\Program Files\\nodejs\\\\node.exe',
1 verbose cli   'C:\\Program Files\\nodejs\\node_modules\\npm\\bin\\npm-cli.js',
1 verbose cli   'install',
1 verbose cli   'quick-check',
1 verbose cli   '--save-dev' ]
2 info using npm@1.4.28
3 info using node@v0.10.35
4 verbose node symlink C:\Program Files\nodejs\\node.exe
5 warn package.json karma-chrome-launcher@0.1.7 No README data
6 verbose readDependencies using package.json deps
7 verbose cache add [ 'quick-check', null ]
8 verbose cache add name=undefined spec="quick-check" args=["quick-check",null]
9 verbose parsed url { protocol: null,
9 verbose parsed url   slashes: null,
9 verbose parsed url   auth: null,
9 verbose parsed url   host: null,
9 verbose parsed url   port: null,
9 verbose parsed url   hostname: null,
9 verbose parsed url   hash: null,
9 verbose parsed url   search: null,
9 verbose parsed url   query: null,
9 verbose parsed url   pathname: 'quick-check',
9 verbose parsed url   path: 'quick-check',
9 verbose parsed url   href: 'quick-check' }
10 silly lockFile 0372b578-quick-check quick-check
11 verbose lock quick-check C:\Users\Smitha\AppData\Roaming\npm-cache\0372b578-quick-check.lock
12 silly lockFile 0372b578-quick-check quick-check
13 silly lockFile 0372b578-quick-check quick-check
14 verbose addNamed [ 'quick-check', '' ]
15 verbose addNamed [ null, '*' ]
16 silly lockFile fc2dbeb4-quick-check quick-check@
17 verbose lock quick-check@ C:\Users\Smitha\AppData\Roaming\npm-cache\fc2dbeb4-quick-check.lock
18 silly addNameRange { name: 'quick-check', range: '*', hasData: false }
19 verbose request where is /quick-check
20 verbose request registry https://registry.npmjs.org/
21 verbose request id 27f3865edb286ae0
22 verbose url raw /quick-check
23 verbose url resolving [ 'https://registry.npmjs.org/', './quick-check' ]
24 verbose url resolved https://registry.npmjs.org/quick-check
25 verbose request where is https://registry.npmjs.org/quick-check
26 info trying registry request attempt 1 at 13:14:29
27 http GET https://registry.npmjs.org/quick-check
28 http 404 https://registry.npmjs.org/quick-check
29 verbose headers { date: 'Sun, 08 Mar 2015 17:14:30 GMT',
29 verbose headers   server: 'CouchDB/1.5.0 (Erlang OTP/R16B03)',
29 verbose headers   'content-type': 'application/json',
29 verbose headers   'cache-control': 'max-age=0',
29 verbose headers   'content-length': '52',
29 verbose headers   'accept-ranges': 'bytes',
29 verbose headers   via: '1.1 varnish',
29 verbose headers   age: '0',
29 verbose headers   'x-served-by': 'cache-atl6233-ATL',
29 verbose headers   'x-cache': 'MISS',
29 verbose headers   'x-cache-hits': '0',
29 verbose headers   'x-timer': 'S1425834870.766710,VS0,VE77',
29 verbose headers   'keep-alive': 'timeout=10, max=50',
29 verbose headers   connection: 'Keep-Alive' }
30 silly registry.get cb [ 404,
30 silly registry.get   { date: 'Sun, 08 Mar 2015 17:14:30 GMT',
30 silly registry.get     server: 'CouchDB/1.5.0 (Erlang OTP/R16B03)',
30 silly registry.get     'content-type': 'application/json',
30 silly registry.get     'cache-control': 'max-age=0',
30 silly registry.get     'content-length': '52',
30 silly registry.get     'accept-ranges': 'bytes',
30 silly registry.get     via: '1.1 varnish',
30 silly registry.get     age: '0',
30 silly registry.get     'x-served-by': 'cache-atl6233-ATL',
30 silly registry.get     'x-cache': 'MISS',
30 silly registry.get     'x-cache-hits': '0',
30 silly registry.get     'x-timer': 'S1425834870.766710,VS0,VE77',
30 silly registry.get     'keep-alive': 'timeout=10, max=50',
30 silly registry.get     connection: 'Keep-Alive' } ]
31 silly lockFile fc2dbeb4-quick-check quick-check@
32 silly lockFile fc2dbeb4-quick-check quick-check@
33 error 404 404 Not Found: quick-check
33 error 404
33 error 404 'quick-check' is not in the npm registry.
33 error 404 You should bug the author to publish it
33 error 404 It was specified as a dependency of 'MiniProject1-Template'
33 error 404
33 error 404 Note that you can also install from a
33 error 404 tarball, folder, or http url, or git url.
34 error System Windows_NT 6.2.9200
35 error command "C:\\Program Files\\nodejs\\\\node.exe" "C:\\Program Files\\nodejs\\node_modules\\npm\\bin\\npm-cli.js" "install" "quick-check" "--save-dev"
36 error cwd C:\Users\Smitha\Desktop\DevOps\Milestone_2
37 error node -v v0.10.35
38 error npm -v 1.4.28
39 error code E404
40 verbose exit [ 1, true ]
